2016-12-02 13:59:39,737 [main] ERROR (BookServer.java:21) - java.net.BindException: Address already in use: JVM_Bind
2016-12-02 13:59:54,385 [main] ERROR (BookServer.java:21) - java.net.BindException: Address already in use: JVM_Bind
2016-12-02 14:00:28,300 [main] ERROR (DIBookShop.java:28) - java.lang.ClassNotFoundException: com.senla.bookshop.main.ShopWorker
2016-12-02 14:00:28,314 [Thread-0] ERROR (ServerThread.java:37) - java.net.SocketException: Connection reset
2016-12-02 14:02:58,339 [main] ERROR (DIBookShop.java:27) - java.lang.ClassNotFoundException: com.senla.bookshop.main.ShopWorker
2016-12-02 14:02:58,348 [Thread-0] ERROR (ServerThread.java:37) - java.net.SocketException: Connection reset
2016-12-02 14:05:49,584 [main] ERROR (StorageLoader.java:19) - java.lang.RuntimeException: File not found
2016-12-02 14:05:49,725 [main] ERROR (ConfigPropertyWorker.java:38) - java.lang.NumberFormatException: null
2016-12-02 14:05:49,734 [Thread-0] ERROR (ServerThread.java:37) - java.net.SocketException: Connection reset
2016-12-02 14:07:33,749 [main] ERROR (ConfigPropertyWorker.java:39) - java.lang.NumberFormatException: null
2016-12-02 14:07:33,755 [Thread-0] ERROR (ServerThread.java:37) - java.net.SocketException: Connection reset
2016-12-02 14:08:22,430 [main] ERROR (ConfigPropertyWorker.java:39) - java.lang.NumberFormatException: null
2016-12-02 14:08:22,435 [Thread-0] ERROR (ServerThread.java:37) - java.net.SocketException: Connection reset
2016-12-02 14:08:52,055 [main] ERROR (ConfigPropertyWorker.java:39) - java.lang.NumberFormatException: null
2016-12-02 14:08:52,060 [Thread-0] ERROR (ServerThread.java:37) - java.net.SocketException: Connection reset
2016-12-02 14:09:35,951 [main] ERROR (ConfigPropertyWorker.java:39) - java.lang.NumberFormatException: null
2016-12-02 14:09:35,956 [Thread-0] ERROR (ServerThread.java:37) - java.net.SocketException: Connection reset
2016-12-02 14:11:52,100 [Thread-0] ERROR (ServerThread.java:37) - java.net.SocketException: Connection reset
2016-12-02 14:13:04,759 [Thread-0] ERROR (ServerThread.java:38) - java.net.SocketException: Connection reset
2016-12-02 14:14:25,186 [Thread-0] ERROR (ServerThread.java:38) - java.net.SocketException: Connection reset
2016-12-02 14:21:44,991 [Thread-0] ERROR (ServerThread.java:37) - java.net.SocketException: Connection reset
2016-12-02 14:22:35,530 [Thread-0] ERROR (ServerThread.java:36) - java.net.SocketException: Connection reset
2016-12-02 14:30:56,433 [Thread-0] ERROR (ServerThread.java:34) - java.net.SocketException: Connection reset
2016-12-02 14:31:47,144 [Thread-0] ERROR (ServerThread.java:34) - java.net.SocketException: Connection reset
2016-12-02 14:32:45,670 [Thread-0] ERROR (ServerThread.java:34) - java.net.SocketException: Connection reset
2016-12-02 14:35:11,638 [main] ERROR (BookServer.java:21) - java.net.BindException: Address already in use: JVM_Bind
2016-12-02 14:35:31,906 [Thread-1] ERROR (ServerThread.java:34) - java.net.SocketException: Connection reset
2016-12-02 14:36:33,953 [Thread-0] ERROR (ServerThread.java:34) - java.net.SocketException: Connection reset
2016-12-02 14:38:27,129 [Thread-0] ERROR (ServerThread.java:34) - java.net.SocketException: Connection reset
2016-12-02 14:39:04,344 [Thread-0] ERROR (ServerThread.java:34) - java.net.SocketException: Connection reset
2016-12-02 14:39:23,140 [Thread-0] ERROR (ServerThread.java:34) - java.net.SocketException: Connection reset
2016-12-02 14:39:34,757 [main] ERROR (BookServer.java:21) - java.net.BindException: Address already in use: JVM_Bind
2016-12-02 14:39:55,246 [Thread-0] ERROR (ServerThread.java:34) - java.net.SocketException: Connection reset
2016-12-02 14:40:43,694 [Thread-0] ERROR (ServerThread.java:34) - java.net.SocketException: Connection reset
2016-12-02 14:42:55,599 [Thread-0] ERROR (ServerThread.java:34) - java.net.SocketException: Connection reset
2016-12-02 16:04:54,924 [Thread-0] ERROR (ServerThread.java:34) - java.net.SocketException: Connection reset
2016-12-02 16:05:13,860 [Thread-0] ERROR (ServerThread.java:34) - java.net.SocketException: Connection reset
2016-12-02 16:09:08,961 [Thread-0] ERROR (ServerThread.java:34) - java.net.SocketException: Connection reset
2016-12-04 15:38:33,978 [Thread-0] ERROR (ServerThread.java:34) - java.net.SocketException: Connection reset
2016-12-04 15:49:31,880 [Thread-0] ERROR (ServerThread.java:34) - java.net.SocketException: Connection reset
2016-12-04 15:53:47,493 [Thread-0] ERROR (ServerThread.java:34) - java.net.SocketException: Connection reset
2016-12-04 15:58:33,053 [Thread-0] ERROR (ServerThread.java:34) - java.net.SocketException: Connection reset
2016-12-04 16:30:08,290 [main] ERROR (BookServer.java:22) - java.net.BindException: Address already in use: JVM_Bind
2016-12-04 16:30:27,458 [Thread-0] ERROR (ServerThread.java:34) - java.net.SocketException: Connection reset
2016-12-04 19:44:00,437 [Thread-0] ERROR (ShopWorker.java:33) - java.lang.NoSuchMethodException: com.senla.bookshop.main.Shop.sortOldBooks()
2016-12-04 19:44:14,216 [Thread-0] ERROR (ShopWorker.java:33) - java.lang.NoSuchMethodException: com.senla.bookshop.main.Shop.sortBooks()
2016-12-04 19:44:19,610 [Thread-0] ERROR (ServerThread.java:34) - java.net.SocketException: Connection reset
2016-12-04 19:52:58,286 [Thread-0] ERROR (ShopWorker.java:33) - java.lang.NoSuchMethodException: com.senla.bookshop.main.Shop.sortBooks()
2016-12-04 19:53:01,424 [Thread-0] ERROR (ServerThread.java:34) - java.net.SocketException: Connection reset
2016-12-04 19:53:25,240 [main] ERROR (BookServer.java:22) - java.net.BindException: Address already in use: JVM_Bind
2016-12-04 19:53:44,649 [main] ERROR (BookServer.java:22) - java.net.BindException: Address already in use: JVM_Bind
2016-12-04 20:05:22,664 [Thread-0] ERROR (ShopWorker.java:33) - java.lang.NoSuchMethodException: com.senla.bookshop.main.Shop.getBooks(java.lang.String)
2016-12-04 20:05:26,366 [Thread-0] ERROR (ServerThread.java:34) - java.net.SocketException: Connection reset
2016-12-04 20:07:36,974 [Thread-0] ERROR (ShopWorker.java:33) - java.lang.NoSuchMethodException: com.senla.bookshop.main.Shop.getBooks(java.lang.String)
2016-12-04 20:07:57,478 [Thread-0] ERROR (ServerThread.java:34) - java.net.SocketException: Connection reset
2016-12-04 20:10:31,760 [Thread-0] ERROR (ShopWorker.java:33) - java.lang.NoSuchMethodException: com.senla.bookshop.main.Shop.getBooks(java.lang.String)
2016-12-04 20:10:38,432 [Thread-0] ERROR (ServerThread.java:34) - java.net.SocketException: Connection reset
2016-12-04 20:11:07,659 [main] ERROR (BookServer.java:22) - java.net.BindException: Address already in use: JVM_Bind
2016-12-04 20:13:22,565 [main] ERROR (BookServer.java:22) - java.net.BindException: Address already in use: JVM_Bind
2016-12-04 22:16:07,774 [main] ERROR (BookServer.java:22) - java.net.BindException: Address already in use: JVM_Bind
2016-12-04 22:16:41,792 [Thread-0] ERROR (ServerThread.java:34) - java.net.SocketException: Connection reset
2016-12-04 22:36:43,707 [Thread-0] ERROR (ShopWorker.java:38) - java.lang.NoSuchMethodException: com.senla.bookshop.main.Shop.addOrderSusanna(java.lang.String)
2016-12-04 22:37:07,243 [Thread-0] ERROR (ServerThread.java:34) - java.net.SocketException: Connection reset
2016-12-04 22:37:50,581 [Thread-0] ERROR (ShopWorker.java:38) - java.lang.NoSuchMethodException: com.senla.bookshop.main.Shop.addOrderAnna(java.lang.String)
2016-12-05 12:49:53,147 [Thread-0] ERROR (ShopWorker.java:38) - java.lang.NoSuchMethodException: com.senla.bookshop.main.Shop.addToStockSherlock(java.lang.String)
2016-12-05 12:51:11,380 [Thread-0] ERROR (ServerThread.java:34) - java.net.SocketException: Connection reset
2016-12-05 12:56:38,105 [Thread-0] ERROR (ShopWorker.java:38) - java.lang.NoSuchMethodException: com.senla.bookshop.main.Shop.addToStock(java.lang.String)
2016-12-05 12:56:59,747 [Thread-0] ERROR (ServerThread.java:34) - java.net.SocketException: Connection reset
2016-12-05 12:59:41,139 [Thread-0] ERROR (ServerThread.java:34) - java.net.SocketException: Connection reset
2016-12-05 13:04:26,490 [Thread-0] ERROR (ShopWorker.java:38) - java.lang.NoSuchMethodException: com.senla.bookshop.main.Shop.addToStock(java.lang.String)
2016-12-05 13:29:46,668 [Thread-0] ERROR (ServerThread.java:34) - java.net.SocketException: Connection reset
2016-12-05 13:30:41,512 [main] ERROR (BookServer.java:22) - java.net.BindException: Address already in use: JVM_Bind
2016-12-05 13:31:23,351 [Thread-0] ERROR (DIBookShop.java:27) - java.lang.InstantiationException: com.senla.bookshop.entity.Book
2016-12-05 13:31:23,355 [Thread-0] ERROR (Shop.java:205) - java.lang.NullPointerException
2016-12-05 13:33:02,024 [Thread-0] ERROR (DIBookShop.java:27) - java.lang.InstantiationException: com.senla.bookshop.entity.Book
2016-12-05 13:33:02,028 [Thread-0] ERROR (Shop.java:206) - java.lang.NullPointerException
2016-12-05 13:35:16,823 [Thread-0] ERROR (Shop.java:430) - java.lang.ArrayIndexOutOfBoundsException: 2
2016-12-05 13:35:53,984 [Thread-0] ERROR (ShopWorker.java:43) - java.lang.NoSuchMethodException: com.senla.bookshop.main.Shop.getBooks.()
2016-12-05 13:36:29,635 [Thread-0] ERROR (Shop.java:230) - java.lang.Exception: java.lang.NullPointerException
2016-12-05 13:37:01,864 [Thread-0] ERROR (CSVFileWorker.java:39) - java.io.FileNotFoundException: src\Books.csv (The system cannot find the file specified)
2016-12-05 13:37:14,939 [Thread-0] ERROR (ServerThread.java:34) - java.net.SocketException: Connection reset
2016-12-05 13:49:07,864 [main] ERROR (BookServer.java:22) - java.net.BindException: Address already in use: JVM_Bind
2016-12-05 13:49:53,388 [Thread-0] ERROR (ServerThread.java:34) - java.net.SocketException: Connection reset
