2016-11-05 01:15:35,877 [main] ERROR (OrderManager.java:64) - java.lang.IndexOutOfBoundsException: Index: 6, Size: 6
2016-11-06 12:34:44,208 [main] ERROR (Serializator.java:28) - java.io.FileNotFoundException: "src\bookManager.bin" (Синтаксическая ошибка в имени файла, имени папки или метке тома)
2016-11-06 12:34:44,211 [main] ERROR (Serializator.java:28) - java.io.FileNotFoundException: "src\orderManager.bin" (Синтаксическая ошибка в имени файла, имени папки или метке тома)
2016-11-06 12:39:51,956 [main] ERROR (Serializator.java:28) - java.io.FileNotFoundException: "src\bookManager.bin" (Синтаксическая ошибка в имени файла, имени папки или метке тома)
2016-11-06 12:39:51,960 [main] ERROR (Serializator.java:28) - java.io.FileNotFoundException: "src\orderManager.bin" (Синтаксическая ошибка в имени файла, имени папки или метке тома)
2016-11-06 12:42:05,539 [main] ERROR (Serializator.java:28) - java.io.FileNotFoundException: "srcbookManager.bin" (Синтаксическая ошибка в имени файла, имени папки или метке тома)
2016-11-06 12:42:05,542 [main] ERROR (Serializator.java:28) - java.io.FileNotFoundException: "srcorderManager.bin" (Синтаксическая ошибка в имени файла, имени папки или метке тома)
2016-11-06 12:42:05,547 [main] ERROR (OrderManager.java:85) - java.lang.NullPointerException
2016-11-06 12:44:36,065 [main] ERROR (Serializator.java:28) - java.io.FileNotFoundException: "src\bookManager.bin" (Синтаксическая ошибка в имени файла, имени папки или метке тома)
2016-11-06 12:44:36,069 [main] ERROR (Serializator.java:28) - java.io.FileNotFoundException: "src\orderManager.bin" (Синтаксическая ошибка в имени файла, имени папки или метке тома)
2016-11-06 12:44:36,074 [main] ERROR (OrderManager.java:85) - java.lang.NullPointerException
2016-11-06 12:45:41,206 [main] ERROR (Serializator.java:28) - java.io.FileNotFoundException: "src\bookManager.bin" (Синтаксическая ошибка в имени файла, имени папки или метке тома)
2016-11-06 12:45:41,209 [main] ERROR (Serializator.java:28) - java.io.FileNotFoundException: "src\orderManager.bin" (Синтаксическая ошибка в имени файла, имени папки или метке тома)
2016-11-06 12:45:41,215 [main] ERROR (OrderManager.java:85) - java.lang.NullPointerException
2016-11-06 12:50:15,565 [main] ERROR (Serializator.java:29) - java.io.FileNotFoundException: "src\bookManager.bin" (Синтаксическая ошибка в имени файла, имени папки или метке тома)
2016-11-06 12:50:15,570 [main] ERROR (Serializator.java:29) - java.io.FileNotFoundException: "src\orderManager.bin" (Синтаксическая ошибка в имени файла, имени папки или метке тома)
2016-11-06 12:50:15,575 [main] ERROR (OrderManager.java:85) - java.lang.NullPointerException
2016-11-06 12:55:15,070 [main] ERROR (Serializator.java:30) - java.io.FileNotFoundException: "src\bookManager.bin" (Синтаксическая ошибка в имени файла, имени папки или метке тома)
2016-11-06 12:55:15,074 [main] ERROR (Serializator.java:30) - java.io.FileNotFoundException: "src\orderManager.bin" (Синтаксическая ошибка в имени файла, имени папки или метке тома)
2016-11-06 12:55:15,080 [main] ERROR (OrderManager.java:84) - java.lang.NullPointerException
2016-11-06 12:56:23,639 [main] ERROR (Serializator.java:30) - java.io.EOFException
2016-11-06 12:56:23,643 [main] ERROR (Serializator.java:30) - java.io.EOFException
2016-11-06 12:56:23,648 [main] ERROR (OrderManager.java:84) - java.lang.NullPointerException
2016-11-06 13:05:05,928 [main] ERROR (Serializator.java:29) - java.io.EOFException
2016-11-06 13:05:05,931 [main] ERROR (Serializator.java:29) - java.io.EOFException
2016-11-06 13:05:05,937 [main] ERROR (OrderManager.java:84) - java.lang.NullPointerException
2016-11-06 13:06:05,756 [main] ERROR (Serializator.java:28) - java.io.EOFException
2016-11-06 13:06:05,759 [main] ERROR (Serializator.java:28) - java.io.EOFException
2016-11-06 13:06:05,764 [main] ERROR (OrderManager.java:84) - java.lang.NullPointerException
2016-11-06 13:07:29,692 [main] ERROR (IdGenerator.java:21) - java.lang.NullPointerException
2016-11-06 13:07:29,692 [main] ERROR (BookManager.java:44) - java.lang.NullPointerException
2016-11-06 13:07:29,692 [main] ERROR (Shop.java:181) - java.lang.Exception: Object was not added.
2016-11-06 13:41:26,716 [main] ERROR (IdGenerator.java:21) - java.lang.NullPointerException
2016-11-06 13:48:02,735 [main] ERROR (IdGenerator.java:21) - java.lang.NullPointerException
2016-11-06 15:12:35,879 [main] ERROR (Serializator.java:37) - java.io.FileNotFoundException: src\managers.bin (Не удается найти указанный файл)
2016-11-06 15:12:35,883 [main] ERROR (SerialWorker.java:30) - java.lang.RuntimeException: java.io.FileNotFoundException: src\managers.bin (Не удается найти указанный файл)
2016-11-06 15:15:17,772 [main] ERROR (Serializator.java:36) - java.io.StreamCorruptedException: invalid stream header: ACED2005
2016-11-06 15:15:17,777 [main] ERROR (SerialWorker.java:30) - java.lang.RuntimeException: java.io.StreamCorruptedException: invalid stream header: ACED2005
2016-11-10 23:36:56,791 [main] ERROR (Parser.java:82) - java.lang.NullPointerException
2016-11-10 23:37:46,623 [main] ERROR (Parser.java:82) - java.lang.NullPointerException
2016-11-10 23:37:46,624 [main] ERROR (Shop.java:336) - java.lang.Exception: java.lang.NullPointerException
2016-11-10 23:39:26,849 [main] ERROR (Parser.java:82) - java.lang.NullPointerException
2016-11-10 23:39:26,852 [main] ERROR (Shop.java:336) - java.lang.Exception: java.lang.NullPointerException
2016-11-10 23:41:02,532 [main] ERROR (Parser.java:82) - java.lang.NullPointerException
2016-11-10 23:41:02,534 [main] ERROR (Shop.java:336) - java.lang.Exception: java.lang.NullPointerException
2016-11-10 23:44:13,763 [main] ERROR (Parser.java:83) - java.lang.NullPointerException
2016-11-10 23:44:13,764 [main] ERROR (Shop.java:336) - java.lang.Exception: java.lang.NullPointerException
2016-11-10 23:50:20,292 [main] ERROR (Order.java:35) - java.lang.NullPointerException
2016-11-10 23:50:20,294 [main] ERROR (CSVWorker.java:63) - java.lang.NullPointerException
2016-11-11 00:03:17,876 [main] ERROR (Order.java:35) - java.lang.NullPointerException
2016-11-11 00:03:17,880 [main] ERROR (CSVWorker.java:63) - java.lang.NullPointerException
2016-11-11 00:04:20,050 [main] ERROR (Shop.java:338) - java.lang.ClassCastException: java.util.ArrayList cannot be cast to com.senla.bookshop.api.entities.IOrder
2016-11-11 00:05:01,883 [main] ERROR (Shop.java:339) - java.lang.ClassCastException: java.util.ArrayList cannot be cast to com.senla.bookshop.api.entities.IOrder
